Created by PLY version 3.11 (http://www.dabeaz.com/ply)

Grammar

Rule 0     S' -> expression
Rule 1     expression -> expression and expression
Rule 2     expression -> expression eq expression
Rule 3     expression -> expression = expression
Rule 4     expression -> expression > expression
Rule 5     expression -> expression < expression
Rule 6     expression -> expression ge expression
Rule 7     expression -> expression le expression
Rule 8     expression -> expression neqs expression
Rule 9     expression -> expression or expression
Rule 10    expression -> expression nand expression
Rule 11    expression -> expression + expression
Rule 12    expression -> expression - expression
Rule 13    expression -> NUMBER
Rule 14    expression -> not expression
Rule 15    expression -> expression * expression
Rule 16    expression -> expression / expression
Rule 17    expression -> BOOL
Rule 18    expression -> ( expression )

Terminals, with rules where they appear

(                    : 18
)                    : 18
*                    : 15
+                    : 11
-                    : 12
/                    : 16
<                    : 5
=                    : 3
>                    : 4
BOOL                 : 17
NUMBER               : 13
and                  : 1
eq                   : 2
error                : 
ge                   : 6
le                   : 7
nand                 : 10
neqs                 : 8
not                  : 14
or                   : 9

Nonterminals, with rules where they appear

expression           : 1 1 2 2 3 3 4 4 5 5 6 6 7 7 8 8 9 9 10 10 11 11 12 12 14 15 15 16 16 18 0

Parsing method: LALR

state 0

    (0) S' -> . expression
    (1) expression -> . expression and expression
    (2) expression -> . expression eq expression
    (3) expression -> . expression = expression
    (4) expression -> . expression > expression
    (5) expression -> . expression < expression
    (6) expression -> . expression ge expression
    (7) expression -> . expression le expression
    (8) expression -> . expression neqs expression
    (9) expression -> . expression or expression
    (10) expression -> . expression nand expression
    (11) expression -> . expression + expression
    (12) expression -> . expression - expression
    (13) expression -> . NUMBER
    (14) expression -> . not expression
    (15) expression -> . expression * expression
    (16) expression -> . expression / expression
    (17) expression -> . BOOL
    (18) expression -> . ( expression )

    NUMBER          shift and go to state 2
    not             shift and go to state 3
    BOOL            shift and go to state 4
    (               shift and go to state 5

    expression                     shift and go to state 1

state 1

    (0) S' -> expression .
    (1) expression -> expression . and expression
    (2) expression -> expression . eq expression
    (3) expression -> expression . = expression
    (4) expression -> expression . > expression
    (5) expression -> expression . < expression
    (6) expression -> expression . ge expression
    (7) expression -> expression . le expression
    (8) expression -> expression . neqs expression
    (9) expression -> expression . or expression
    (10) expression -> expression . nand expression
    (11) expression -> expression . + expression
    (12) expression -> expression . - expression
    (15) expression -> expression . * expression
    (16) expression -> expression . / expression

    and             shift and go to state 6
    eq              shift and go to state 7
    =               shift and go to state 8
    >               shift and go to state 9
    <               shift and go to state 10
    ge              shift and go to state 11
    le              shift and go to state 12
    neqs            shift and go to state 13
    or              shift and go to state 14
    nand            shift and go to state 15
    +               shift and go to state 16
    -               shift and go to state 17
    *               shift and go to state 18
    /               shift and go to state 19


state 2

    (13) expression -> NUMBER .

    and             reduce using rule 13 (expression -> NUMBER .)
    eq              reduce using rule 13 (expression -> NUMBER .)
    =               reduce using rule 13 (expression -> NUMBER .)
    >               reduce using rule 13 (expression -> NUMBER .)
    <               reduce using rule 13 (expression -> NUMBER .)
    ge              reduce using rule 13 (expression -> NUMBER .)
    le              reduce using rule 13 (expression -> NUMBER .)
    neqs            reduce using rule 13 (expression -> NUMBER .)
    or              reduce using rule 13 (expression -> NUMBER .)
    nand            reduce using rule 13 (expression -> NUMBER .)
    +               reduce using rule 13 (expression -> NUMBER .)
    -               reduce using rule 13 (expression -> NUMBER .)
    *               reduce using rule 13 (expression -> NUMBER .)
    /               reduce using rule 13 (expression -> NUMBER .)
    $end            reduce using rule 13 (expression -> NUMBER .)
    )               reduce using rule 13 (expression -> NUMBER .)


state 3

    (14) expression -> not . expression
    (1) expression -> . expression and expression
    (2) expression -> . expression eq expression
    (3) expression -> . expression = expression
    (4) expression -> . expression > expression
    (5) expression -> . expression < expression
    (6) expression -> . expression ge expression
    (7) expression -> . expression le expression
    (8) expression -> . expression neqs expression
    (9) expression -> . expression or expression
    (10) expression -> . expression nand expression
    (11) expression -> . expression + expression
    (12) expression -> . expression - expression
    (13) expression -> . NUMBER
    (14) expression -> . not expression
    (15) expression -> . expression * expression
    (16) expression -> . expression / expression
    (17) expression -> . BOOL
    (18) expression -> . ( expression )

    NUMBER          shift and go to state 2
    not             shift and go to state 3
    BOOL            shift and go to state 4
    (               shift and go to state 5

    expression                     shift and go to state 20

state 4

    (17) expression -> BOOL .

    and             reduce using rule 17 (expression -> BOOL .)
    eq              reduce using rule 17 (expression -> BOOL .)
    =               reduce using rule 17 (expression -> BOOL .)
    >               reduce using rule 17 (expression -> BOOL .)
    <               reduce using rule 17 (expression -> BOOL .)
    ge              reduce using rule 17 (expression -> BOOL .)
    le              reduce using rule 17 (expression -> BOOL .)
    neqs            reduce using rule 17 (expression -> BOOL .)
    or              reduce using rule 17 (expression -> BOOL .)
    nand            reduce using rule 17 (expression -> BOOL .)
    +               reduce using rule 17 (expression -> BOOL .)
    -               reduce using rule 17 (expression -> BOOL .)
    *               reduce using rule 17 (expression -> BOOL .)
    /               reduce using rule 17 (expression -> BOOL .)
    $end            reduce using rule 17 (expression -> BOOL .)
    )               reduce using rule 17 (expression -> BOOL .)


state 5

    (18) expression -> ( . expression )
    (1) expression -> . expression and expression
    (2) expression -> . expression eq expression
    (3) expression -> . expression = expression
    (4) expression -> . expression > expression
    (5) expression -> . expression < expression
    (6) expression -> . expression ge expression
    (7) expression -> . expression le expression
    (8) expression -> . expression neqs expression
    (9) expression -> . expression or expression
    (10) expression -> . expression nand expression
    (11) expression -> . expression + expression
    (12) expression -> . expression - expression
    (13) expression -> . NUMBER
    (14) expression -> . not expression
    (15) expression -> . expression * expression
    (16) expression -> . expression / expression
    (17) expression -> . BOOL
    (18) expression -> . ( expression )

    NUMBER          shift and go to state 2
    not             shift and go to state 3
    BOOL            shift and go to state 4
    (               shift and go to state 5

    expression                     shift and go to state 21

state 6

    (1) expression -> expression and . expression
    (1) expression -> . expression and expression
    (2) expression -> . expression eq expression
    (3) expression -> . expression = expression
    (4) expression -> . expression > expression
    (5) expression -> . expression < expression
    (6) expression -> . expression ge expression
    (7) expression -> . expression le expression
    (8) expression -> . expression neqs expression
    (9) expression -> . expression or expression
    (10) expression -> . expression nand expression
    (11) expression -> . expression + expression
    (12) expression -> . expression - expression
    (13) expression -> . NUMBER
    (14) expression -> . not expression
    (15) expression -> . expression * expression
    (16) expression -> . expression / expression
    (17) expression -> . BOOL
    (18) expression -> . ( expression )

    NUMBER          shift and go to state 2
    not             shift and go to state 3
    BOOL            shift and go to state 4
    (               shift and go to state 5

    expression                     shift and go to state 22

state 7

    (2) expression -> expression eq . expression
    (1) expression -> . expression and expression
    (2) expression -> . expression eq expression
    (3) expression -> . expression = expression
    (4) expression -> . expression > expression
    (5) expression -> . expression < expression
    (6) expression -> . expression ge expression
    (7) expression -> . expression le expression
    (8) expression -> . expression neqs expression
    (9) expression -> . expression or expression
    (10) expression -> . expression nand expression
    (11) expression -> . expression + expression
    (12) expression -> . expression - expression
    (13) expression -> . NUMBER
    (14) expression -> . not expression
    (15) expression -> . expression * expression
    (16) expression -> . expression / expression
    (17) expression -> . BOOL
    (18) expression -> . ( expression )

    NUMBER          shift and go to state 2
    not             shift and go to state 3
    BOOL            shift and go to state 4
    (               shift and go to state 5

    expression                     shift and go to state 23

state 8

    (3) expression -> expression = . expression
    (1) expression -> . expression and expression
    (2) expression -> . expression eq expression
    (3) expression -> . expression = expression
    (4) expression -> . expression > expression
    (5) expression -> . expression < expression
    (6) expression -> . expression ge expression
    (7) expression -> . expression le expression
    (8) expression -> . expression neqs expression
    (9) expression -> . expression or expression
    (10) expression -> . expression nand expression
    (11) expression -> . expression + expression
    (12) expression -> . expression - expression
    (13) expression -> . NUMBER
    (14) expression -> . not expression
    (15) expression -> . expression * expression
    (16) expression -> . expression / expression
    (17) expression -> . BOOL
    (18) expression -> . ( expression )

    NUMBER          shift and go to state 2
    not             shift and go to state 3
    BOOL            shift and go to state 4
    (               shift and go to state 5

    expression                     shift and go to state 24

state 9

    (4) expression -> expression > . expression
    (1) expression -> . expression and expression
    (2) expression -> . expression eq expression
    (3) expression -> . expression = expression
    (4) expression -> . expression > expression
    (5) expression -> . expression < expression
    (6) expression -> . expression ge expression
    (7) expression -> . expression le expression
    (8) expression -> . expression neqs expression
    (9) expression -> . expression or expression
    (10) expression -> . expression nand expression
    (11) expression -> . expression + expression
    (12) expression -> . expression - expression
    (13) expression -> . NUMBER
    (14) expression -> . not expression
    (15) expression -> . expression * expression
    (16) expression -> . expression / expression
    (17) expression -> . BOOL
    (18) expression -> . ( expression )

    NUMBER          shift and go to state 2
    not             shift and go to state 3
    BOOL            shift and go to state 4
    (               shift and go to state 5

    expression                     shift and go to state 25

state 10

    (5) expression -> expression < . expression
    (1) expression -> . expression and expression
    (2) expression -> . expression eq expression
    (3) expression -> . expression = expression
    (4) expression -> . expression > expression
    (5) expression -> . expression < expression
    (6) expression -> . expression ge expression
    (7) expression -> . expression le expression
    (8) expression -> . expression neqs expression
    (9) expression -> . expression or expression
    (10) expression -> . expression nand expression
    (11) expression -> . expression + expression
    (12) expression -> . expression - expression
    (13) expression -> . NUMBER
    (14) expression -> . not expression
    (15) expression -> . expression * expression
    (16) expression -> . expression / expression
    (17) expression -> . BOOL
    (18) expression -> . ( expression )

    NUMBER          shift and go to state 2
    not             shift and go to state 3
    BOOL            shift and go to state 4
    (               shift and go to state 5

    expression                     shift and go to state 26

state 11

    (6) expression -> expression ge . expression
    (1) expression -> . expression and expression
    (2) expression -> . expression eq expression
    (3) expression -> . expression = expression
    (4) expression -> . expression > expression
    (5) expression -> . expression < expression
    (6) expression -> . expression ge expression
    (7) expression -> . expression le expression
    (8) expression -> . expression neqs expression
    (9) expression -> . expression or expression
    (10) expression -> . expression nand expression
    (11) expression -> . expression + expression
    (12) expression -> . expression - expression
    (13) expression -> . NUMBER
    (14) expression -> . not expression
    (15) expression -> . expression * expression
    (16) expression -> . expression / expression
    (17) expression -> . BOOL
    (18) expression -> . ( expression )

    NUMBER          shift and go to state 2
    not             shift and go to state 3
    BOOL            shift and go to state 4
    (               shift and go to state 5

    expression                     shift and go to state 27

state 12

    (7) expression -> expression le . expression
    (1) expression -> . expression and expression
    (2) expression -> . expression eq expression
    (3) expression -> . expression = expression
    (4) expression -> . expression > expression
    (5) expression -> . expression < expression
    (6) expression -> . expression ge expression
    (7) expression -> . expression le expression
    (8) expression -> . expression neqs expression
    (9) expression -> . expression or expression
    (10) expression -> . expression nand expression
    (11) expression -> . expression + expression
    (12) expression -> . expression - expression
    (13) expression -> . NUMBER
    (14) expression -> . not expression
    (15) expression -> . expression * expression
    (16) expression -> . expression / expression
    (17) expression -> . BOOL
    (18) expression -> . ( expression )

    NUMBER          shift and go to state 2
    not             shift and go to state 3
    BOOL            shift and go to state 4
    (               shift and go to state 5

    expression                     shift and go to state 28

state 13

    (8) expression -> expression neqs . expression
    (1) expression -> . expression and expression
    (2) expression -> . expression eq expression
    (3) expression -> . expression = expression
    (4) expression -> . expression > expression
    (5) expression -> . expression < expression
    (6) expression -> . expression ge expression
    (7) expression -> . expression le expression
    (8) expression -> . expression neqs expression
    (9) expression -> . expression or expression
    (10) expression -> . expression nand expression
    (11) expression -> . expression + expression
    (12) expression -> . expression - expression
    (13) expression -> . NUMBER
    (14) expression -> . not expression
    (15) expression -> . expression * expression
    (16) expression -> . expression / expression
    (17) expression -> . BOOL
    (18) expression -> . ( expression )

    NUMBER          shift and go to state 2
    not             shift and go to state 3
    BOOL            shift and go to state 4
    (               shift and go to state 5

    expression                     shift and go to state 29

state 14

    (9) expression -> expression or . expression
    (1) expression -> . expression and expression
    (2) expression -> . expression eq expression
    (3) expression -> . expression = expression
    (4) expression -> . expression > expression
    (5) expression -> . expression < expression
    (6) expression -> . expression ge expression
    (7) expression -> . expression le expression
    (8) expression -> . expression neqs expression
    (9) expression -> . expression or expression
    (10) expression -> . expression nand expression
    (11) expression -> . expression + expression
    (12) expression -> . expression - expression
    (13) expression -> . NUMBER
    (14) expression -> . not expression
    (15) expression -> . expression * expression
    (16) expression -> . expression / expression
    (17) expression -> . BOOL
    (18) expression -> . ( expression )

    NUMBER          shift and go to state 2
    not             shift and go to state 3
    BOOL            shift and go to state 4
    (               shift and go to state 5

    expression                     shift and go to state 30

state 15

    (10) expression -> expression nand . expression
    (1) expression -> . expression and expression
    (2) expression -> . expression eq expression
    (3) expression -> . expression = expression
    (4) expression -> . expression > expression
    (5) expression -> . expression < expression
    (6) expression -> . expression ge expression
    (7) expression -> . expression le expression
    (8) expression -> . expression neqs expression
    (9) expression -> . expression or expression
    (10) expression -> . expression nand expression
    (11) expression -> . expression + expression
    (12) expression -> . expression - expression
    (13) expression -> . NUMBER
    (14) expression -> . not expression
    (15) expression -> . expression * expression
    (16) expression -> . expression / expression
    (17) expression -> . BOOL
    (18) expression -> . ( expression )

    NUMBER          shift and go to state 2
    not             shift and go to state 3
    BOOL            shift and go to state 4
    (               shift and go to state 5

    expression                     shift and go to state 31

state 16

    (11) expression -> expression + . expression
    (1) expression -> . expression and expression
    (2) expression -> . expression eq expression
    (3) expression -> . expression = expression
    (4) expression -> . expression > expression
    (5) expression -> . expression < expression
    (6) expression -> . expression ge expression
    (7) expression -> . expression le expression
    (8) expression -> . expression neqs expression
    (9) expression -> . expression or expression
    (10) expression -> . expression nand expression
    (11) expression -> . expression + expression
    (12) expression -> . expression - expression
    (13) expression -> . NUMBER
    (14) expression -> . not expression
    (15) expression -> . expression * expression
    (16) expression -> . expression / expression
    (17) expression -> . BOOL
    (18) expression -> . ( expression )

    NUMBER          shift and go to state 2
    not             shift and go to state 3
    BOOL            shift and go to state 4
    (               shift and go to state 5

    expression                     shift and go to state 32

state 17

    (12) expression -> expression - . expression
    (1) expression -> . expression and expression
    (2) expression -> . expression eq expression
    (3) expression -> . expression = expression
    (4) expression -> . expression > expression
    (5) expression -> . expression < expression
    (6) expression -> . expression ge expression
    (7) expression -> . expression le expression
    (8) expression -> . expression neqs expression
    (9) expression -> . expression or expression
    (10) expression -> . expression nand expression
    (11) expression -> . expression + expression
    (12) expression -> . expression - expression
    (13) expression -> . NUMBER
    (14) expression -> . not expression
    (15) expression -> . expression * expression
    (16) expression -> . expression / expression
    (17) expression -> . BOOL
    (18) expression -> . ( expression )

    NUMBER          shift and go to state 2
    not             shift and go to state 3
    BOOL            shift and go to state 4
    (               shift and go to state 5

    expression                     shift and go to state 33

state 18

    (15) expression -> expression * . expression
    (1) expression -> . expression and expression
    (2) expression -> . expression eq expression
    (3) expression -> . expression = expression
    (4) expression -> . expression > expression
    (5) expression -> . expression < expression
    (6) expression -> . expression ge expression
    (7) expression -> . expression le expression
    (8) expression -> . expression neqs expression
    (9) expression -> . expression or expression
    (10) expression -> . expression nand expression
    (11) expression -> . expression + expression
    (12) expression -> . expression - expression
    (13) expression -> . NUMBER
    (14) expression -> . not expression
    (15) expression -> . expression * expression
    (16) expression -> . expression / expression
    (17) expression -> . BOOL
    (18) expression -> . ( expression )

    NUMBER          shift and go to state 2
    not             shift and go to state 3
    BOOL            shift and go to state 4
    (               shift and go to state 5

    expression                     shift and go to state 34

state 19

    (16) expression -> expression / . expression
    (1) expression -> . expression and expression
    (2) expression -> . expression eq expression
    (3) expression -> . expression = expression
    (4) expression -> . expression > expression
    (5) expression -> . expression < expression
    (6) expression -> . expression ge expression
    (7) expression -> . expression le expression
    (8) expression -> . expression neqs expression
    (9) expression -> . expression or expression
    (10) expression -> . expression nand expression
    (11) expression -> . expression + expression
    (12) expression -> . expression - expression
    (13) expression -> . NUMBER
    (14) expression -> . not expression
    (15) expression -> . expression * expression
    (16) expression -> . expression / expression
    (17) expression -> . BOOL
    (18) expression -> . ( expression )

    NUMBER          shift and go to state 2
    not             shift and go to state 3
    BOOL            shift and go to state 4
    (               shift and go to state 5

    expression                     shift and go to state 35

state 20

    (14) expression -> not expression .
    (1) expression -> expression . and expression
    (2) expression -> expression . eq expression
    (3) expression -> expression . = expression
    (4) expression -> expression . > expression
    (5) expression -> expression . < expression
    (6) expression -> expression . ge expression
    (7) expression -> expression . le expression
    (8) expression -> expression . neqs expression
    (9) expression -> expression . or expression
    (10) expression -> expression . nand expression
    (11) expression -> expression . + expression
    (12) expression -> expression . - expression
    (15) expression -> expression . * expression
    (16) expression -> expression . / expression

    and             reduce using rule 14 (expression -> not expression .)
    eq              reduce using rule 14 (expression -> not expression .)
    =               reduce using rule 14 (expression -> not expression .)
    >               reduce using rule 14 (expression -> not expression .)
    <               reduce using rule 14 (expression -> not expression .)
    ge              reduce using rule 14 (expression -> not expression .)
    le              reduce using rule 14 (expression -> not expression .)
    neqs            reduce using rule 14 (expression -> not expression .)
    or              reduce using rule 14 (expression -> not expression .)
    nand            reduce using rule 14 (expression -> not expression .)
    +               reduce using rule 14 (expression -> not expression .)
    -               reduce using rule 14 (expression -> not expression .)
    *               reduce using rule 14 (expression -> not expression .)
    /               reduce using rule 14 (expression -> not expression .)
    $end            reduce using rule 14 (expression -> not expression .)
    )               reduce using rule 14 (expression -> not expression .)

  ! and             [ shift and go to state 6 ]
  ! eq              [ shift and go to state 7 ]
  ! =               [ shift and go to state 8 ]
  ! >               [ shift and go to state 9 ]
  ! <               [ shift and go to state 10 ]
  ! ge              [ shift and go to state 11 ]
  ! le              [ shift and go to state 12 ]
  ! neqs            [ shift and go to state 13 ]
  ! or              [ shift and go to state 14 ]
  ! nand            [ shift and go to state 15 ]
  ! +               [ shift and go to state 16 ]
  ! -               [ shift and go to state 17 ]
  ! *               [ shift and go to state 18 ]
  ! /               [ shift and go to state 19 ]


state 21

    (18) expression -> ( expression . )
    (1) expression -> expression . and expression
    (2) expression -> expression . eq expression
    (3) expression -> expression . = expression
    (4) expression -> expression . > expression
    (5) expression -> expression . < expression
    (6) expression -> expression . ge expression
    (7) expression -> expression . le expression
    (8) expression -> expression . neqs expression
    (9) expression -> expression . or expression
    (10) expression -> expression . nand expression
    (11) expression -> expression . + expression
    (12) expression -> expression . - expression
    (15) expression -> expression . * expression
    (16) expression -> expression . / expression

    )               shift and go to state 36
    and             shift and go to state 6
    eq              shift and go to state 7
    =               shift and go to state 8
    >               shift and go to state 9
    <               shift and go to state 10
    ge              shift and go to state 11
    le              shift and go to state 12
    neqs            shift and go to state 13
    or              shift and go to state 14
    nand            shift and go to state 15
    +               shift and go to state 16
    -               shift and go to state 17
    *               shift and go to state 18
    /               shift and go to state 19


state 22

    (1) expression -> expression and expression .
    (1) expression -> expression . and expression
    (2) expression -> expression . eq expression
    (3) expression -> expression . = expression
    (4) expression -> expression . > expression
    (5) expression -> expression . < expression
    (6) expression -> expression . ge expression
    (7) expression -> expression . le expression
    (8) expression -> expression . neqs expression
    (9) expression -> expression . or expression
    (10) expression -> expression . nand expression
    (11) expression -> expression . + expression
    (12) expression -> expression . - expression
    (15) expression -> expression . * expression
    (16) expression -> expression . / expression

    and             reduce using rule 1 (expression -> expression and expression .)
    or              reduce using rule 1 (expression -> expression and expression .)
    nand            reduce using rule 1 (expression -> expression and expression .)
    $end            reduce using rule 1 (expression -> expression and expression .)
    )               reduce using rule 1 (expression -> expression and expression .)
    eq              shift and go to state 7
    =               shift and go to state 8
    >               shift and go to state 9
    <               shift and go to state 10
    ge              shift and go to state 11
    le              shift and go to state 12
    neqs            shift and go to state 13
    +               shift and go to state 16
    -               shift and go to state 17
    *               shift and go to state 18
    /               shift and go to state 19

  ! eq              [ reduce using rule 1 (expression -> expression and expression .) ]
  ! =               [ reduce using rule 1 (expression -> expression and expression .) ]
  ! >               [ reduce using rule 1 (expression -> expression and expression .) ]
  ! <               [ reduce using rule 1 (expression -> expression and expression .) ]
  ! ge              [ reduce using rule 1 (expression -> expression and expression .) ]
  ! le              [ reduce using rule 1 (expression -> expression and expression .) ]
  ! neqs            [ reduce using rule 1 (expression -> expression and expression .) ]
  ! +               [ reduce using rule 1 (expression -> expression and expression .) ]
  ! -               [ reduce using rule 1 (expression -> expression and expression .) ]
  ! *               [ reduce using rule 1 (expression -> expression and expression .) ]
  ! /               [ reduce using rule 1 (expression -> expression and expression .) ]
  ! and             [ shift and go to state 6 ]
  ! or              [ shift and go to state 14 ]
  ! nand            [ shift and go to state 15 ]


state 23

    (2) expression -> expression eq expression .
    (1) expression -> expression . and expression
    (2) expression -> expression . eq expression
    (3) expression -> expression . = expression
    (4) expression -> expression . > expression
    (5) expression -> expression . < expression
    (6) expression -> expression . ge expression
    (7) expression -> expression . le expression
    (8) expression -> expression . neqs expression
    (9) expression -> expression . or expression
    (10) expression -> expression . nand expression
    (11) expression -> expression . + expression
    (12) expression -> expression . - expression
    (15) expression -> expression . * expression
    (16) expression -> expression . / expression

    and             reduce using rule 2 (expression -> expression eq expression .)
    eq              reduce using rule 2 (expression -> expression eq expression .)
    =               reduce using rule 2 (expression -> expression eq expression .)
    neqs            reduce using rule 2 (expression -> expression eq expression .)
    or              reduce using rule 2 (expression -> expression eq expression .)
    nand            reduce using rule 2 (expression -> expression eq expression .)
    $end            reduce using rule 2 (expression -> expression eq expression .)
    )               reduce using rule 2 (expression -> expression eq expression .)
    >               shift and go to state 9
    <               shift and go to state 10
    ge              shift and go to state 11
    le              shift and go to state 12
    +               shift and go to state 16
    -               shift and go to state 17
    *               shift and go to state 18
    /               shift and go to state 19

  ! >               [ reduce using rule 2 (expression -> expression eq expression .) ]
  ! <               [ reduce using rule 2 (expression -> expression eq expression .) ]
  ! ge              [ reduce using rule 2 (expression -> expression eq expression .) ]
  ! le              [ reduce using rule 2 (expression -> expression eq expression .) ]
  ! +               [ reduce using rule 2 (expression -> expression eq expression .) ]
  ! -               [ reduce using rule 2 (expression -> expression eq expression .) ]
  ! *               [ reduce using rule 2 (expression -> expression eq expression .) ]
  ! /               [ reduce using rule 2 (expression -> expression eq expression .) ]
  ! and             [ shift and go to state 6 ]
  ! eq              [ shift and go to state 7 ]
  ! =               [ shift and go to state 8 ]
  ! neqs            [ shift and go to state 13 ]
  ! or              [ shift and go to state 14 ]
  ! nand            [ shift and go to state 15 ]


state 24

    (3) expression -> expression = expression .
    (1) expression -> expression . and expression
    (2) expression -> expression . eq expression
    (3) expression -> expression . = expression
    (4) expression -> expression . > expression
    (5) expression -> expression . < expression
    (6) expression -> expression . ge expression
    (7) expression -> expression . le expression
    (8) expression -> expression . neqs expression
    (9) expression -> expression . or expression
    (10) expression -> expression . nand expression
    (11) expression -> expression . + expression
    (12) expression -> expression . - expression
    (15) expression -> expression . * expression
    (16) expression -> expression . / expression

    and             reduce using rule 3 (expression -> expression = expression .)
    eq              reduce using rule 3 (expression -> expression = expression .)
    =               reduce using rule 3 (expression -> expression = expression .)
    neqs            reduce using rule 3 (expression -> expression = expression .)
    or              reduce using rule 3 (expression -> expression = expression .)
    nand            reduce using rule 3 (expression -> expression = expression .)
    $end            reduce using rule 3 (expression -> expression = expression .)
    )               reduce using rule 3 (expression -> expression = expression .)
    >               shift and go to state 9
    <               shift and go to state 10
    ge              shift and go to state 11
    le              shift and go to state 12
    +               shift and go to state 16
    -               shift and go to state 17
    *               shift and go to state 18
    /               shift and go to state 19

  ! >               [ reduce using rule 3 (expression -> expression = expression .) ]
  ! <               [ reduce using rule 3 (expression -> expression = expression .) ]
  ! ge              [ reduce using rule 3 (expression -> expression = expression .) ]
  ! le              [ reduce using rule 3 (expression -> expression = expression .) ]
  ! +               [ reduce using rule 3 (expression -> expression = expression .) ]
  ! -               [ reduce using rule 3 (expression -> expression = expression .) ]
  ! *               [ reduce using rule 3 (expression -> expression = expression .) ]
  ! /               [ reduce using rule 3 (expression -> expression = expression .) ]
  ! and             [ shift and go to state 6 ]
  ! eq              [ shift and go to state 7 ]
  ! =               [ shift and go to state 8 ]
  ! neqs            [ shift and go to state 13 ]
  ! or              [ shift and go to state 14 ]
  ! nand            [ shift and go to state 15 ]


state 25

    (4) expression -> expression > expression .
    (1) expression -> expression . and expression
    (2) expression -> expression . eq expression
    (3) expression -> expression . = expression
    (4) expression -> expression . > expression
    (5) expression -> expression . < expression
    (6) expression -> expression . ge expression
    (7) expression -> expression . le expression
    (8) expression -> expression . neqs expression
    (9) expression -> expression . or expression
    (10) expression -> expression . nand expression
    (11) expression -> expression . + expression
    (12) expression -> expression . - expression
    (15) expression -> expression . * expression
    (16) expression -> expression . / expression

    and             reduce using rule 4 (expression -> expression > expression .)
    eq              reduce using rule 4 (expression -> expression > expression .)
    =               reduce using rule 4 (expression -> expression > expression .)
    >               reduce using rule 4 (expression -> expression > expression .)
    <               reduce using rule 4 (expression -> expression > expression .)
    ge              reduce using rule 4 (expression -> expression > expression .)
    le              reduce using rule 4 (expression -> expression > expression .)
    neqs            reduce using rule 4 (expression -> expression > expression .)
    or              reduce using rule 4 (expression -> expression > expression .)
    nand            reduce using rule 4 (expression -> expression > expression .)
    $end            reduce using rule 4 (expression -> expression > expression .)
    )               reduce using rule 4 (expression -> expression > expression .)
    +               shift and go to state 16
    -               shift and go to state 17
    *               shift and go to state 18
    /               shift and go to state 19

  ! +               [ reduce using rule 4 (expression -> expression > expression .) ]
  ! -               [ reduce using rule 4 (expression -> expression > expression .) ]
  ! *               [ reduce using rule 4 (expression -> expression > expression .) ]
  ! /               [ reduce using rule 4 (expression -> expression > expression .) ]
  ! and             [ shift and go to state 6 ]
  ! eq              [ shift and go to state 7 ]
  ! =               [ shift and go to state 8 ]
  ! >               [ shift and go to state 9 ]
  ! <               [ shift and go to state 10 ]
  ! ge              [ shift and go to state 11 ]
  ! le              [ shift and go to state 12 ]
  ! neqs            [ shift and go to state 13 ]
  ! or              [ shift and go to state 14 ]
  ! nand            [ shift and go to state 15 ]


state 26

    (5) expression -> expression < expression .
    (1) expression -> expression . and expression
    (2) expression -> expression . eq expression
    (3) expression -> expression . = expression
    (4) expression -> expression . > expression
    (5) expression -> expression . < expression
    (6) expression -> expression . ge expression
    (7) expression -> expression . le expression
    (8) expression -> expression . neqs expression
    (9) expression -> expression . or expression
    (10) expression -> expression . nand expression
    (11) expression -> expression . + expression
    (12) expression -> expression . - expression
    (15) expression -> expression . * expression
    (16) expression -> expression . / expression

    and             reduce using rule 5 (expression -> expression < expression .)
    eq              reduce using rule 5 (expression -> expression < expression .)
    =               reduce using rule 5 (expression -> expression < expression .)
    >               reduce using rule 5 (expression -> expression < expression .)
    <               reduce using rule 5 (expression -> expression < expression .)
    ge              reduce using rule 5 (expression -> expression < expression .)
    le              reduce using rule 5 (expression -> expression < expression .)
    neqs            reduce using rule 5 (expression -> expression < expression .)
    or              reduce using rule 5 (expression -> expression < expression .)
    nand            reduce using rule 5 (expression -> expression < expression .)
    $end            reduce using rule 5 (expression -> expression < expression .)
    )               reduce using rule 5 (expression -> expression < expression .)
    +               shift and go to state 16
    -               shift and go to state 17
    *               shift and go to state 18
    /               shift and go to state 19

  ! +               [ reduce using rule 5 (expression -> expression < expression .) ]
  ! -               [ reduce using rule 5 (expression -> expression < expression .) ]
  ! *               [ reduce using rule 5 (expression -> expression < expression .) ]
  ! /               [ reduce using rule 5 (expression -> expression < expression .) ]
  ! and             [ shift and go to state 6 ]
  ! eq              [ shift and go to state 7 ]
  ! =               [ shift and go to state 8 ]
  ! >               [ shift and go to state 9 ]
  ! <               [ shift and go to state 10 ]
  ! ge              [ shift and go to state 11 ]
  ! le              [ shift and go to state 12 ]
  ! neqs            [ shift and go to state 13 ]
  ! or              [ shift and go to state 14 ]
  ! nand            [ shift and go to state 15 ]


state 27

    (6) expression -> expression ge expression .
    (1) expression -> expression . and expression
    (2) expression -> expression . eq expression
    (3) expression -> expression . = expression
    (4) expression -> expression . > expression
    (5) expression -> expression . < expression
    (6) expression -> expression . ge expression
    (7) expression -> expression . le expression
    (8) expression -> expression . neqs expression
    (9) expression -> expression . or expression
    (10) expression -> expression . nand expression
    (11) expression -> expression . + expression
    (12) expression -> expression . - expression
    (15) expression -> expression . * expression
    (16) expression -> expression . / expression

    and             reduce using rule 6 (expression -> expression ge expression .)
    eq              reduce using rule 6 (expression -> expression ge expression .)
    =               reduce using rule 6 (expression -> expression ge expression .)
    >               reduce using rule 6 (expression -> expression ge expression .)
    <               reduce using rule 6 (expression -> expression ge expression .)
    ge              reduce using rule 6 (expression -> expression ge expression .)
    le              reduce using rule 6 (expression -> expression ge expression .)
    neqs            reduce using rule 6 (expression -> expression ge expression .)
    or              reduce using rule 6 (expression -> expression ge expression .)
    nand            reduce using rule 6 (expression -> expression ge expression .)
    $end            reduce using rule 6 (expression -> expression ge expression .)
    )               reduce using rule 6 (expression -> expression ge expression .)
    +               shift and go to state 16
    -               shift and go to state 17
    *               shift and go to state 18
    /               shift and go to state 19

  ! +               [ reduce using rule 6 (expression -> expression ge expression .) ]
  ! -               [ reduce using rule 6 (expression -> expression ge expression .) ]
  ! *               [ reduce using rule 6 (expression -> expression ge expression .) ]
  ! /               [ reduce using rule 6 (expression -> expression ge expression .) ]
  ! and             [ shift and go to state 6 ]
  ! eq              [ shift and go to state 7 ]
  ! =               [ shift and go to state 8 ]
  ! >               [ shift and go to state 9 ]
  ! <               [ shift and go to state 10 ]
  ! ge              [ shift and go to state 11 ]
  ! le              [ shift and go to state 12 ]
  ! neqs            [ shift and go to state 13 ]
  ! or              [ shift and go to state 14 ]
  ! nand            [ shift and go to state 15 ]


state 28

    (7) expression -> expression le expression .
    (1) expression -> expression . and expression
    (2) expression -> expression . eq expression
    (3) expression -> expression . = expression
    (4) expression -> expression . > expression
    (5) expression -> expression . < expression
    (6) expression -> expression . ge expression
    (7) expression -> expression . le expression
    (8) expression -> expression . neqs expression
    (9) expression -> expression . or expression
    (10) expression -> expression . nand expression
    (11) expression -> expression . + expression
    (12) expression -> expression . - expression
    (15) expression -> expression . * expression
    (16) expression -> expression . / expression

    and             reduce using rule 7 (expression -> expression le expression .)
    eq              reduce using rule 7 (expression -> expression le expression .)
    =               reduce using rule 7 (expression -> expression le expression .)
    >               reduce using rule 7 (expression -> expression le expression .)
    <               reduce using rule 7 (expression -> expression le expression .)
    ge              reduce using rule 7 (expression -> expression le expression .)
    le              reduce using rule 7 (expression -> expression le expression .)
    neqs            reduce using rule 7 (expression -> expression le expression .)
    or              reduce using rule 7 (expression -> expression le expression .)
    nand            reduce using rule 7 (expression -> expression le expression .)
    $end            reduce using rule 7 (expression -> expression le expression .)
    )               reduce using rule 7 (expression -> expression le expression .)
    +               shift and go to state 16
    -               shift and go to state 17
    *               shift and go to state 18
    /               shift and go to state 19

  ! +               [ reduce using rule 7 (expression -> expression le expression .) ]
  ! -               [ reduce using rule 7 (expression -> expression le expression .) ]
  ! *               [ reduce using rule 7 (expression -> expression le expression .) ]
  ! /               [ reduce using rule 7 (expression -> expression le expression .) ]
  ! and             [ shift and go to state 6 ]
  ! eq              [ shift and go to state 7 ]
  ! =               [ shift and go to state 8 ]
  ! >               [ shift and go to state 9 ]
  ! <               [ shift and go to state 10 ]
  ! ge              [ shift and go to state 11 ]
  ! le              [ shift and go to state 12 ]
  ! neqs            [ shift and go to state 13 ]
  ! or              [ shift and go to state 14 ]
  ! nand            [ shift and go to state 15 ]


state 29

    (8) expression -> expression neqs expression .
    (1) expression -> expression . and expression
    (2) expression -> expression . eq expression
    (3) expression -> expression . = expression
    (4) expression -> expression . > expression
    (5) expression -> expression . < expression
    (6) expression -> expression . ge expression
    (7) expression -> expression . le expression
    (8) expression -> expression . neqs expression
    (9) expression -> expression . or expression
    (10) expression -> expression . nand expression
    (11) expression -> expression . + expression
    (12) expression -> expression . - expression
    (15) expression -> expression . * expression
    (16) expression -> expression . / expression

    and             reduce using rule 8 (expression -> expression neqs expression .)
    eq              reduce using rule 8 (expression -> expression neqs expression .)
    =               reduce using rule 8 (expression -> expression neqs expression .)
    neqs            reduce using rule 8 (expression -> expression neqs expression .)
    or              reduce using rule 8 (expression -> expression neqs expression .)
    nand            reduce using rule 8 (expression -> expression neqs expression .)
    $end            reduce using rule 8 (expression -> expression neqs expression .)
    )               reduce using rule 8 (expression -> expression neqs expression .)
    >               shift and go to state 9
    <               shift and go to state 10
    ge              shift and go to state 11
    le              shift and go to state 12
    +               shift and go to state 16
    -               shift and go to state 17
    *               shift and go to state 18
    /               shift and go to state 19

  ! >               [ reduce using rule 8 (expression -> expression neqs expression .) ]
  ! <               [ reduce using rule 8 (expression -> expression neqs expression .) ]
  ! ge              [ reduce using rule 8 (expression -> expression neqs expression .) ]
  ! le              [ reduce using rule 8 (expression -> expression neqs expression .) ]
  ! +               [ reduce using rule 8 (expression -> expression neqs expression .) ]
  ! -               [ reduce using rule 8 (expression -> expression neqs expression .) ]
  ! *               [ reduce using rule 8 (expression -> expression neqs expression .) ]
  ! /               [ reduce using rule 8 (expression -> expression neqs expression .) ]
  ! and             [ shift and go to state 6 ]
  ! eq              [ shift and go to state 7 ]
  ! =               [ shift and go to state 8 ]
  ! neqs            [ shift and go to state 13 ]
  ! or              [ shift and go to state 14 ]
  ! nand            [ shift and go to state 15 ]


state 30

    (9) expression -> expression or expression .
    (1) expression -> expression . and expression
    (2) expression -> expression . eq expression
    (3) expression -> expression . = expression
    (4) expression -> expression . > expression
    (5) expression -> expression . < expression
    (6) expression -> expression . ge expression
    (7) expression -> expression . le expression
    (8) expression -> expression . neqs expression
    (9) expression -> expression . or expression
    (10) expression -> expression . nand expression
    (11) expression -> expression . + expression
    (12) expression -> expression . - expression
    (15) expression -> expression . * expression
    (16) expression -> expression . / expression

    or              reduce using rule 9 (expression -> expression or expression .)
    $end            reduce using rule 9 (expression -> expression or expression .)
    )               reduce using rule 9 (expression -> expression or expression .)
    and             shift and go to state 6
    eq              shift and go to state 7
    =               shift and go to state 8
    >               shift and go to state 9
    <               shift and go to state 10
    ge              shift and go to state 11
    le              shift and go to state 12
    neqs            shift and go to state 13
    nand            shift and go to state 15
    +               shift and go to state 16
    -               shift and go to state 17
    *               shift and go to state 18
    /               shift and go to state 19

  ! and             [ reduce using rule 9 (expression -> expression or expression .) ]
  ! eq              [ reduce using rule 9 (expression -> expression or expression .) ]
  ! =               [ reduce using rule 9 (expression -> expression or expression .) ]
  ! >               [ reduce using rule 9 (expression -> expression or expression .) ]
  ! <               [ reduce using rule 9 (expression -> expression or expression .) ]
  ! ge              [ reduce using rule 9 (expression -> expression or expression .) ]
  ! le              [ reduce using rule 9 (expression -> expression or expression .) ]
  ! neqs            [ reduce using rule 9 (expression -> expression or expression .) ]
  ! nand            [ reduce using rule 9 (expression -> expression or expression .) ]
  ! +               [ reduce using rule 9 (expression -> expression or expression .) ]
  ! -               [ reduce using rule 9 (expression -> expression or expression .) ]
  ! *               [ reduce using rule 9 (expression -> expression or expression .) ]
  ! /               [ reduce using rule 9 (expression -> expression or expression .) ]
  ! or              [ shift and go to state 14 ]


state 31

    (10) expression -> expression nand expression .
    (1) expression -> expression . and expression
    (2) expression -> expression . eq expression
    (3) expression -> expression . = expression
    (4) expression -> expression . > expression
    (5) expression -> expression . < expression
    (6) expression -> expression . ge expression
    (7) expression -> expression . le expression
    (8) expression -> expression . neqs expression
    (9) expression -> expression . or expression
    (10) expression -> expression . nand expression
    (11) expression -> expression . + expression
    (12) expression -> expression . - expression
    (15) expression -> expression . * expression
    (16) expression -> expression . / expression

    and             reduce using rule 10 (expression -> expression nand expression .)
    or              reduce using rule 10 (expression -> expression nand expression .)
    nand            reduce using rule 10 (expression -> expression nand expression .)
    $end            reduce using rule 10 (expression -> expression nand expression .)
    )               reduce using rule 10 (expression -> expression nand expression .)
    eq              shift and go to state 7
    =               shift and go to state 8
    >               shift and go to state 9
    <               shift and go to state 10
    ge              shift and go to state 11
    le              shift and go to state 12
    neqs            shift and go to state 13
    +               shift and go to state 16
    -               shift and go to state 17
    *               shift and go to state 18
    /               shift and go to state 19

  ! eq              [ reduce using rule 10 (expression -> expression nand expression .) ]
  ! =               [ reduce using rule 10 (expression -> expression nand expression .) ]
  ! >               [ reduce using rule 10 (expression -> expression nand expression .) ]
  ! <               [ reduce using rule 10 (expression -> expression nand expression .) ]
  ! ge              [ reduce using rule 10 (expression -> expression nand expression .) ]
  ! le              [ reduce using rule 10 (expression -> expression nand expression .) ]
  ! neqs            [ reduce using rule 10 (expression -> expression nand expression .) ]
  ! +               [ reduce using rule 10 (expression -> expression nand expression .) ]
  ! -               [ reduce using rule 10 (expression -> expression nand expression .) ]
  ! *               [ reduce using rule 10 (expression -> expression nand expression .) ]
  ! /               [ reduce using rule 10 (expression -> expression nand expression .) ]
  ! and             [ shift and go to state 6 ]
  ! or              [ shift and go to state 14 ]
  ! nand            [ shift and go to state 15 ]


state 32

    (11) expression -> expression + expression .
    (1) expression -> expression . and expression
    (2) expression -> expression . eq expression
    (3) expression -> expression . = expression
    (4) expression -> expression . > expression
    (5) expression -> expression . < expression
    (6) expression -> expression . ge expression
    (7) expression -> expression . le expression
    (8) expression -> expression . neqs expression
    (9) expression -> expression . or expression
    (10) expression -> expression . nand expression
    (11) expression -> expression . + expression
    (12) expression -> expression . - expression
    (15) expression -> expression . * expression
    (16) expression -> expression . / expression

    and             reduce using rule 11 (expression -> expression + expression .)
    eq              reduce using rule 11 (expression -> expression + expression .)
    =               reduce using rule 11 (expression -> expression + expression .)
    >               reduce using rule 11 (expression -> expression + expression .)
    <               reduce using rule 11 (expression -> expression + expression .)
    ge              reduce using rule 11 (expression -> expression + expression .)
    le              reduce using rule 11 (expression -> expression + expression .)
    neqs            reduce using rule 11 (expression -> expression + expression .)
    or              reduce using rule 11 (expression -> expression + expression .)
    nand            reduce using rule 11 (expression -> expression + expression .)
    +               reduce using rule 11 (expression -> expression + expression .)
    -               reduce using rule 11 (expression -> expression + expression .)
    $end            reduce using rule 11 (expression -> expression + expression .)
    )               reduce using rule 11 (expression -> expression + expression .)
    *               shift and go to state 18
    /               shift and go to state 19

  ! *               [ reduce using rule 11 (expression -> expression + expression .) ]
  ! /               [ reduce using rule 11 (expression -> expression + expression .) ]
  ! and             [ shift and go to state 6 ]
  ! eq              [ shift and go to state 7 ]
  ! =               [ shift and go to state 8 ]
  ! >               [ shift and go to state 9 ]
  ! <               [ shift and go to state 10 ]
  ! ge              [ shift and go to state 11 ]
  ! le              [ shift and go to state 12 ]
  ! neqs            [ shift and go to state 13 ]
  ! or              [ shift and go to state 14 ]
  ! nand            [ shift and go to state 15 ]
  ! +               [ shift and go to state 16 ]
  ! -               [ shift and go to state 17 ]


state 33

    (12) expression -> expression - expression .
    (1) expression -> expression . and expression
    (2) expression -> expression . eq expression
    (3) expression -> expression . = expression
    (4) expression -> expression . > expression
    (5) expression -> expression . < expression
    (6) expression -> expression . ge expression
    (7) expression -> expression . le expression
    (8) expression -> expression . neqs expression
    (9) expression -> expression . or expression
    (10) expression -> expression . nand expression
    (11) expression -> expression . + expression
    (12) expression -> expression . - expression
    (15) expression -> expression . * expression
    (16) expression -> expression . / expression

    and             reduce using rule 12 (expression -> expression - expression .)
    eq              reduce using rule 12 (expression -> expression - expression .)
    =               reduce using rule 12 (expression -> expression - expression .)
    >               reduce using rule 12 (expression -> expression - expression .)
    <               reduce using rule 12 (expression -> expression - expression .)
    ge              reduce using rule 12 (expression -> expression - expression .)
    le              reduce using rule 12 (expression -> expression - expression .)
    neqs            reduce using rule 12 (expression -> expression - expression .)
    or              reduce using rule 12 (expression -> expression - expression .)
    nand            reduce using rule 12 (expression -> expression - expression .)
    +               reduce using rule 12 (expression -> expression - expression .)
    -               reduce using rule 12 (expression -> expression - expression .)
    $end            reduce using rule 12 (expression -> expression - expression .)
    )               reduce using rule 12 (expression -> expression - expression .)
    *               shift and go to state 18
    /               shift and go to state 19

  ! *               [ reduce using rule 12 (expression -> expression - expression .) ]
  ! /               [ reduce using rule 12 (expression -> expression - expression .) ]
  ! and             [ shift and go to state 6 ]
  ! eq              [ shift and go to state 7 ]
  ! =               [ shift and go to state 8 ]
  ! >               [ shift and go to state 9 ]
  ! <               [ shift and go to state 10 ]
  ! ge              [ shift and go to state 11 ]
  ! le              [ shift and go to state 12 ]
  ! neqs            [ shift and go to state 13 ]
  ! or              [ shift and go to state 14 ]
  ! nand            [ shift and go to state 15 ]
  ! +               [ shift and go to state 16 ]
  ! -               [ shift and go to state 17 ]


state 34

    (15) expression -> expression * expression .
    (1) expression -> expression . and expression
    (2) expression -> expression . eq expression
    (3) expression -> expression . = expression
    (4) expression -> expression . > expression
    (5) expression -> expression . < expression
    (6) expression -> expression . ge expression
    (7) expression -> expression . le expression
    (8) expression -> expression . neqs expression
    (9) expression -> expression . or expression
    (10) expression -> expression . nand expression
    (11) expression -> expression . + expression
    (12) expression -> expression . - expression
    (15) expression -> expression . * expression
    (16) expression -> expression . / expression

    and             reduce using rule 15 (expression -> expression * expression .)
    eq              reduce using rule 15 (expression -> expression * expression .)
    =               reduce using rule 15 (expression -> expression * expression .)
    >               reduce using rule 15 (expression -> expression * expression .)
    <               reduce using rule 15 (expression -> expression * expression .)
    ge              reduce using rule 15 (expression -> expression * expression .)
    le              reduce using rule 15 (expression -> expression * expression .)
    neqs            reduce using rule 15 (expression -> expression * expression .)
    or              reduce using rule 15 (expression -> expression * expression .)
    nand            reduce using rule 15 (expression -> expression * expression .)
    +               reduce using rule 15 (expression -> expression * expression .)
    -               reduce using rule 15 (expression -> expression * expression .)
    *               reduce using rule 15 (expression -> expression * expression .)
    /               reduce using rule 15 (expression -> expression * expression .)
    $end            reduce using rule 15 (expression -> expression * expression .)
    )               reduce using rule 15 (expression -> expression * expression .)

  ! and             [ shift and go to state 6 ]
  ! eq              [ shift and go to state 7 ]
  ! =               [ shift and go to state 8 ]
  ! >               [ shift and go to state 9 ]
  ! <               [ shift and go to state 10 ]
  ! ge              [ shift and go to state 11 ]
  ! le              [ shift and go to state 12 ]
  ! neqs            [ shift and go to state 13 ]
  ! or              [ shift and go to state 14 ]
  ! nand            [ shift and go to state 15 ]
  ! +               [ shift and go to state 16 ]
  ! -               [ shift and go to state 17 ]
  ! *               [ shift and go to state 18 ]
  ! /               [ shift and go to state 19 ]


state 35

    (16) expression -> expression / expression .
    (1) expression -> expression . and expression
    (2) expression -> expression . eq expression
    (3) expression -> expression . = expression
    (4) expression -> expression . > expression
    (5) expression -> expression . < expression
    (6) expression -> expression . ge expression
    (7) expression -> expression . le expression
    (8) expression -> expression . neqs expression
    (9) expression -> expression . or expression
    (10) expression -> expression . nand expression
    (11) expression -> expression . + expression
    (12) expression -> expression . - expression
    (15) expression -> expression . * expression
    (16) expression -> expression . / expression

    and             reduce using rule 16 (expression -> expression / expression .)
    eq              reduce using rule 16 (expression -> expression / expression .)
    =               reduce using rule 16 (expression -> expression / expression .)
    >               reduce using rule 16 (expression -> expression / expression .)
    <               reduce using rule 16 (expression -> expression / expression .)
    ge              reduce using rule 16 (expression -> expression / expression .)
    le              reduce using rule 16 (expression -> expression / expression .)
    neqs            reduce using rule 16 (expression -> expression / expression .)
    or              reduce using rule 16 (expression -> expression / expression .)
    nand            reduce using rule 16 (expression -> expression / expression .)
    +               reduce using rule 16 (expression -> expression / expression .)
    -               reduce using rule 16 (expression -> expression / expression .)
    *               reduce using rule 16 (expression -> expression / expression .)
    /               reduce using rule 16 (expression -> expression / expression .)
    $end            reduce using rule 16 (expression -> expression / expression .)
    )               reduce using rule 16 (expression -> expression / expression .)

  ! and             [ shift and go to state 6 ]
  ! eq              [ shift and go to state 7 ]
  ! =               [ shift and go to state 8 ]
  ! >               [ shift and go to state 9 ]
  ! <               [ shift and go to state 10 ]
  ! ge              [ shift and go to state 11 ]
  ! le              [ shift and go to state 12 ]
  ! neqs            [ shift and go to state 13 ]
  ! or              [ shift and go to state 14 ]
  ! nand            [ shift and go to state 15 ]
  ! +               [ shift and go to state 16 ]
  ! -               [ shift and go to state 17 ]
  ! *               [ shift and go to state 18 ]
  ! /               [ shift and go to state 19 ]


state 36

    (18) expression -> ( expression ) .

    and             reduce using rule 18 (expression -> ( expression ) .)
    eq              reduce using rule 18 (expression -> ( expression ) .)
    =               reduce using rule 18 (expression -> ( expression ) .)
    >               reduce using rule 18 (expression -> ( expression ) .)
    <               reduce using rule 18 (expression -> ( expression ) .)
    ge              reduce using rule 18 (expression -> ( expression ) .)
    le              reduce using rule 18 (expression -> ( expression ) .)
    neqs            reduce using rule 18 (expression -> ( expression ) .)
    or              reduce using rule 18 (expression -> ( expression ) .)
    nand            reduce using rule 18 (expression -> ( expression ) .)
    +               reduce using rule 18 (expression -> ( expression ) .)
    -               reduce using rule 18 (expression -> ( expression ) .)
    *               reduce using rule 18 (expression -> ( expression ) .)
    /               reduce using rule 18 (expression -> ( expression ) .)
    $end            reduce using rule 18 (expression -> ( expression ) .)
    )               reduce using rule 18 (expression -> ( expression ) .)

